2025-05-20T11:59:33.684+05:30  INFO 13676 --- [CategoryProduct] [restartedMain] c.R.C.CategoryProductApplication         : Starting CategoryProductApplication using Java 21.0.6 with PID 13676 (C:\Users\jatha\Projects\CategoryProduct\CategoryProduct\target\classes started by jatha in C:\Users\jatha\Projects\CategoryProduct)
2025-05-20T11:59:33.691+05:30 DEBUG 13676 --- [CategoryProduct] [restartedMain] c.R.C.CategoryProductApplication         : Running with Spring Boot v3.4.4, Spring v6.2.5
2025-05-20T11:59:33.691+05:30  INFO 13676 --- [CategoryProduct] [restartedMain] c.R.C.CategoryProductApplication         : No active profile set, falling back to 1 default profile: "default"
2025-05-20T11:59:33.795+05:30  INFO 13676 --- [CategoryProduct] [restartedMain] .e.DevToolsPropertyDefaultsPostProcessor : Devtools property defaults active! Set 'spring.devtools.add-properties' to 'false' to disable
2025-05-20T11:59:33.795+05:30  INFO 13676 --- [CategoryProduct] [restartedMain] .e.DevToolsPropertyDefaultsPostProcessor : For additional web related logging consider setting the 'logging.level.web' property to 'DEBUG'
2025-05-20T11:59:35.682+05:30  INFO 13676 --- [CategoryProduct] [restartedMain] .s.d.r.c.RepositoryConfigurationDelegate : Bootstrapping Spring Data JPA repositories in DEFAULT mode.
2025-05-20T11:59:35.771+05:30  INFO 13676 --- [CategoryProduct] [restartedMain] .s.d.r.c.RepositoryConfigurationDelegate : Finished Spring Data repository scanning in 70 ms. Found 3 JPA repository interfaces.
2025-05-20T11:59:36.057+05:30  INFO 13676 --- [CategoryProduct] [restartedMain] o.s.cloud.context.scope.GenericScope     : BeanFactory id=4ec73edc-3076-37d1-b5a4-32fdd5ff40eb
2025-05-20T11:59:37.281+05:30  INFO 13676 --- [CategoryProduct] [restartedMain] o.s.b.w.embedded.tomcat.TomcatWebServer  : Tomcat initialized with port 8080 (http)
2025-05-20T11:59:37.301+05:30  INFO 13676 --- [CategoryProduct] [restartedMain] o.apache.catalina.core.StandardService   : Starting service [Tomcat]
2025-05-20T11:59:37.301+05:30  INFO 13676 --- [CategoryProduct] [restartedMain] o.apache.catalina.core.StandardEngine    : Starting Servlet engine: [Apache Tomcat/10.1.39]
2025-05-20T11:59:37.383+05:30  INFO 13676 --- [CategoryProduct] [restartedMain] o.a.c.c.C.[Tomcat].[localhost].[/]       : Initializing Spring embedded WebApplicationContext
2025-05-20T11:59:37.383+05:30  INFO 13676 --- [CategoryProduct] [restartedMain] w.s.c.ServletWebServerApplicationContext : Root WebApplicationContext: initialization completed in 3588 ms
2025-05-20T11:59:38.192+05:30 DEBUG 13676 --- [CategoryProduct] [restartedMain] c.R.C.Security.JwtAuthenticationFilter   : Filter 'jwtAuthenticationFilter' configured for use
2025-05-20T11:59:38.439+05:30  INFO 13676 --- [CategoryProduct] [restartedMain] o.hibernate.jpa.internal.util.LogHelper  : HHH000204: Processing PersistenceUnitInfo [name: default]
2025-05-20T11:59:38.519+05:30  INFO 13676 --- [CategoryProduct] [restartedMain] org.hibernate.Version                    : HHH000412: Hibernate ORM core version 6.6.11.Final
2025-05-20T11:59:38.579+05:30  INFO 13676 --- [CategoryProduct] [restartedMain] o.h.c.internal.RegionFactoryInitiator    : HHH000026: Second-level cache disabled
2025-05-20T11:59:38.976+05:30  INFO 13676 --- [CategoryProduct] [restartedMain] o.s.o.j.p.SpringPersistenceUnitInfo      : No LoadTimeWeaver setup: ignoring JPA class transformer
2025-05-20T11:59:39.030+05:30  INFO 13676 --- [CategoryProduct] [restartedMain] com.zaxxer.hikari.HikariDataSource       : HikariPool-1 - Starting...
2025-05-20T11:59:39.707+05:30  INFO 13676 --- [CategoryProduct] [restartedMain] com.zaxxer.hikari.pool.HikariPool        : HikariPool-1 - Added connection com.mysql.cj.jdbc.ConnectionImpl@30d1ca21
2025-05-20T11:59:39.707+05:30  INFO 13676 --- [CategoryProduct] [restartedMain] com.zaxxer.hikari.HikariDataSource       : HikariPool-1 - Start completed.
2025-05-20T11:59:39.814+05:30  INFO 13676 --- [CategoryProduct] [restartedMain] org.hibernate.orm.connections.pooling    : HHH10001005: Database info:
	Database JDBC URL [Connecting through datasource 'HikariDataSource (HikariPool-1)']
	Database driver: undefined/unknown
	Database version: 8.0.40
	Autocommit mode: undefined/unknown
	Isolation level: undefined/unknown
	Minimum pool size: undefined/unknown
	Maximum pool size: undefined/unknown
2025-05-20T11:59:41.045+05:30  INFO 13676 --- [CategoryProduct] [restartedMain] o.h.e.t.j.p.i.JtaPlatformInitiator       : HHH000489: No JTA platform available (set 'hibernate.transaction.jta.platform' to enable JTA platform integration)
2025-05-20T11:59:41.349+05:30  INFO 13676 --- [CategoryProduct] [restartedMain] j.LocalContainerEntityManagerFactoryBean : Initialized JPA EntityManagerFactory for persistence unit 'default'
2025-05-20T11:59:41.485+05:30  INFO 13676 --- [CategoryProduct] [restartedMain] r$InitializeUserDetailsManagerConfigurer : Global AuthenticationManager configured with UserDetailsService bean with name userDetailsService
2025-05-20T11:59:41.559+05:30  INFO 13676 --- [CategoryProduct] [restartedMain] c.g.c.s.a.c.GcpContextAutoConfiguration  : The default project ID is springboot-app-457506
2025-05-20T11:59:41.649+05:30  INFO 13676 --- [CategoryProduct] [restartedMain] c.g.c.s.core.DefaultCredentialsProvider  : Default credentials provider for service account yoj-ecommerce-application@springboot-app-457506.iam.gserviceaccount.com
2025-05-20T11:59:41.649+05:30  INFO 13676 --- [CategoryProduct] [restartedMain] c.g.c.s.core.DefaultCredentialsProvider  : Scopes in use by default credentials: [https://www.googleapis.com/auth/pubsub, https://www.googleapis.com/auth/spanner.admin, https://www.googleapis.com/auth/spanner.data, https://www.googleapis.com/auth/datastore, https://www.googleapis.com/auth/sqlservice.admin, https://www.googleapis.com/auth/devstorage.read_only, https://www.googleapis.com/auth/devstorage.read_write, https://www.googleapis.com/auth/cloudruntimeconfig, https://www.googleapis.com/auth/trace.append, https://www.googleapis.com/auth/cloud-platform, https://www.googleapis.com/auth/cloud-vision, https://www.googleapis.com/auth/bigquery, https://www.googleapis.com/auth/monitoring.write]
2025-05-20T11:59:43.695+05:30  WARN 13676 --- [CategoryProduct] [restartedMain] JpaBaseConfiguration$JpaWebConfiguration : spring.jpa.open-in-view is enabled by default. Therefore, database queries may be performed during view rendering. Explicitly configure spring.jpa.open-in-view to disable this warning
2025-05-20T11:59:46.608+05:30  INFO 13676 --- [CategoryProduct] [restartedMain] o.s.b.a.e.web.EndpointLinksResolver      : Exposing 17 endpoints beneath base path '/actuator'
2025-05-20T11:59:46.766+05:30  WARN 13676 --- [CategoryProduct] [restartedMain] thorizationManagerRequestMatcherRegistry : One of the patterns in [/actuator/prometheus, auth/login, /swagger-ui/**, /v3/api-docs/**, /swagger-ui.html] is missing a leading slash. This is discouraged; please include the leading slash in all your request matcher patterns. In future versions of Spring Security, leaving out the leading slash will result in an exception.
2025-05-20T11:59:47.208+05:30  INFO 13676 --- [CategoryProduct] [restartedMain] o.s.v.b.OptionalValidatorFactoryBean     : Failed to set up a Bean Validation provider: jakarta.validation.NoProviderFoundException: Unable to create a Configuration, because no Jakarta Bean Validation provider could be found. Add a provider like Hibernate Validator (RI) to your classpath.
2025-05-20T11:59:48.936+05:30  INFO 13676 --- [CategoryProduct] [restartedMain] o.s.b.d.a.OptionalLiveReloadServer       : LiveReload server is running on port 35729
2025-05-20T11:59:49.144+05:30  INFO 13676 --- [CategoryProduct] [restartedMain] o.s.b.w.embedded.tomcat.TomcatWebServer  : Tomcat started on port 8080 (http) with context path '/'
2025-05-20T11:59:49.210+05:30  INFO 13676 --- [CategoryProduct] [restartedMain] c.R.C.CategoryProductApplication         : Started CategoryProductApplication in 16.356 seconds (process running for 17.13)
2025-05-20T11:59:59.065+05:30  INFO 13676 --- [CategoryProduct] [http-nio-8080-exec-2] o.a.c.c.C.[Tomcat].[localhost].[/]       : Initializing Spring DispatcherServlet 'dispatcherServlet'
2025-05-20T11:59:59.067+05:30  INFO 13676 --- [CategoryProduct] [http-nio-8080-exec-2] o.s.web.servlet.DispatcherServlet        : Initializing Servlet 'dispatcherServlet'
2025-05-20T11:59:59.067+05:30  INFO 13676 --- [CategoryProduct] [http-nio-8080-exec-2] o.s.web.servlet.DispatcherServlet        : Completed initialization in 0 ms
2025-05-20T11:59:59.146+05:30  INFO 13676 --- [CategoryProduct] [http-nio-8080-exec-2] o.s.web.filter.OncePerRequestFilter      :  Header :  Bearer eyJhbGciOiJIUzUxMiJ9.eyJzdWIiOiJZb2dlc2giLCJpYXQiOjE3NDc3MjA5MzcsImV4cCI6MTc0NzczODkzN30.6LI4gfJSk_PozALR2Yp_E2pYVhaKeCcmaRtPjEysHusrproqBYDv5EISThqDMAwAK-BOCtx6X6pMk57RbGQlwA
2025-05-20T11:59:59.362+05:30  INFO 13676 --- [CategoryProduct] [http-nio-8080-exec-2] c.R.C.Service.BrandServiceImpl           : Requesting to fetch all the brands
2025-05-20T11:59:59.942+05:30  INFO 13676 --- [CategoryProduct] [http-nio-8080-exec-2] c.R.C.Service.BrandServiceImpl           : Fetched 2 brands
2025-05-20T12:00:15.072+05:30  INFO 13676 --- [CategoryProduct] [http-nio-8080-exec-3] o.s.web.filter.OncePerRequestFilter      :  Header :  Bearer eyJhbGciOiJIUzUxMiJ9.eyJzdWIiOiJZb2dlc2giLCJpYXQiOjE3NDc3MjA5MzcsImV4cCI6MTc0NzczODkzN30.6LI4gfJSk_PozALR2Yp_E2pYVhaKeCcmaRtPjEysHusrproqBYDv5EISThqDMAwAK-BOCtx6X6pMk57RbGQlwA
2025-05-20T12:00:15.097+05:30  INFO 13676 --- [CategoryProduct] [http-nio-8080-exec-3] c.R.C.Service.BrandServiceImpl           : Request received to delete the brand with id : 20
2025-05-20T12:00:15.185+05:30 ERROR 13676 --- [CategoryProduct] [http-nio-8080-exec-3] c.R.C.Service.BrandServiceImpl           : Brand Not Found With Id : 20
2025-05-20T12:00:15.197+05:30  WARN 13676 --- [CategoryProduct] [http-nio-8080-exec-3] .m.m.a.ExceptionHandlerExceptionResolver : Resolved [com.Rest.CategoryProduct.Exceptions.ResourceNotFoundExceptions: Brand Not Found With Id : 20]
2025-05-20T12:01:30.735+05:30  INFO 13676 --- [CategoryProduct] [http-nio-8080-exec-5] o.s.web.filter.OncePerRequestFilter      :  Header :  null
2025-05-20T12:01:30.735+05:30  INFO 13676 --- [CategoryProduct] [http-nio-8080-exec-5] o.s.web.filter.OncePerRequestFilter      : Invalid Header Value !! 
2025-05-20T12:01:30.747+05:30  WARN 13676 --- [CategoryProduct] [http-nio-8080-exec-5] c.R.C.S.JwtAuthenticationEntryPoint      : Access Denied !! Full authentication is required to access this resource
2025-05-20T12:01:30.853+05:30  INFO 13676 --- [CategoryProduct] [http-nio-8080-exec-8] o.s.web.filter.OncePerRequestFilter      :  Header :  null
2025-05-20T12:01:30.853+05:30  INFO 13676 --- [CategoryProduct] [http-nio-8080-exec-8] o.s.web.filter.OncePerRequestFilter      : Invalid Header Value !! 
2025-05-20T12:01:30.859+05:30  WARN 13676 --- [CategoryProduct] [http-nio-8080-exec-8] c.R.C.S.JwtAuthenticationEntryPoint      : Access Denied !! Full authentication is required to access this resource
2025-05-20T12:01:40.999+05:30  INFO 13676 --- [CategoryProduct] [http-nio-8080-exec-9] o.s.web.filter.OncePerRequestFilter      :  Header :  null
2025-05-20T12:01:41.001+05:30  INFO 13676 --- [CategoryProduct] [http-nio-8080-exec-9] o.s.web.filter.OncePerRequestFilter      : Invalid Header Value !! 
2025-05-20T12:01:41.004+05:30  WARN 13676 --- [CategoryProduct] [http-nio-8080-exec-9] c.R.C.S.JwtAuthenticationEntryPoint      : Access Denied !! Full authentication is required to access this resource
2025-05-20T12:01:41.072+05:30  INFO 13676 --- [CategoryProduct] [http-nio-8080-exec-6] o.s.web.filter.OncePerRequestFilter      :  Header :  null
2025-05-20T12:01:41.072+05:30  INFO 13676 --- [CategoryProduct] [http-nio-8080-exec-6] o.s.web.filter.OncePerRequestFilter      : Invalid Header Value !! 
2025-05-20T12:01:41.074+05:30  WARN 13676 --- [CategoryProduct] [http-nio-8080-exec-6] c.R.C.S.JwtAuthenticationEntryPoint      : Access Denied !! Full authentication is required to access this resource
2025-05-20T12:10:18.957+05:30  INFO 13676 --- [CategoryProduct] [File Watcher] rtingClassPathChangeChangedEventListener : Restarting due to 38 class path changes (0 additions, 37 deletions, 1 modification)
2025-05-20T12:10:18.967+05:30  INFO 13676 --- [CategoryProduct] [Thread-11] o.s.b.w.e.tomcat.GracefulShutdown        : Commencing graceful shutdown. Waiting for active requests to complete
2025-05-20T12:10:18.975+05:30  INFO 13676 --- [CategoryProduct] [tomcat-shutdown] o.s.b.w.e.tomcat.GracefulShutdown        : Graceful shutdown complete
2025-05-20T12:10:18.991+05:30  INFO 13676 --- [CategoryProduct] [Thread-11] j.LocalContainerEntityManagerFactoryBean : Closing JPA EntityManagerFactory for persistence unit 'default'
2025-05-20T12:10:19.000+05:30  INFO 13676 --- [CategoryProduct] [Thread-11] com.zaxxer.hikari.HikariDataSource       : HikariPool-1 - Shutdown initiated...
2025-05-20T12:10:19.009+05:30  INFO 13676 --- [CategoryProduct] [Thread-11] com.zaxxer.hikari.HikariDataSource       : HikariPool-1 - Shutdown completed.
2025-05-20T12:10:19.156+05:30  INFO 13676 --- [CategoryProduct] [restartedMain] c.R.C.CategoryProductApplication         : Starting CategoryProductApplication using Java 21.0.6 with PID 13676 (C:\Users\jatha\Projects\CategoryProduct\CategoryProduct\target\classes started by jatha in C:\Users\jatha\Projects\CategoryProduct)
2025-05-20T12:10:19.156+05:30 DEBUG 13676 --- [CategoryProduct] [restartedMain] c.R.C.CategoryProductApplication         : Running with Spring Boot v3.4.4, Spring v6.2.5
2025-05-20T12:10:19.156+05:30  INFO 13676 --- [CategoryProduct] [restartedMain] c.R.C.CategoryProductApplication         : No active profile set, falling back to 1 default profile: "default"
2025-05-20T12:10:20.137+05:30  INFO 13676 --- [CategoryProduct] [restartedMain] .s.d.r.c.RepositoryConfigurationDelegate : Bootstrapping Spring Data JPA repositories in DEFAULT mode.
2025-05-20T12:10:20.140+05:30  INFO 13676 --- [CategoryProduct] [restartedMain] .s.d.r.c.RepositoryConfigurationDelegate : Finished Spring Data repository scanning in 1 ms. Found 0 JPA repository interfaces.
2025-05-20T12:10:20.200+05:30  INFO 13676 --- [CategoryProduct] [restartedMain] o.s.cloud.context.scope.GenericScope     : BeanFactory id=79395493-a4a4-382b-b949-c0a43cd8a658
2025-05-20T12:10:20.361+05:30  INFO 13676 --- [CategoryProduct] [restartedMain] o.s.b.w.embedded.tomcat.TomcatWebServer  : Tomcat initialized with port 8080 (http)
2025-05-20T12:10:20.363+05:30  INFO 13676 --- [CategoryProduct] [restartedMain] o.apache.catalina.core.StandardService   : Starting service [Tomcat]
2025-05-20T12:10:20.365+05:30  INFO 13676 --- [CategoryProduct] [restartedMain] o.apache.catalina.core.StandardEngine    : Starting Servlet engine: [Apache Tomcat/10.1.39]
2025-05-20T12:10:20.413+05:30  INFO 13676 --- [CategoryProduct] [restartedMain] o.a.c.c.C.[Tomcat].[localhost].[/]       : Initializing Spring embedded WebApplicationContext
2025-05-20T12:10:20.413+05:30  INFO 13676 --- [CategoryProduct] [restartedMain] w.s.c.ServletWebServerApplicationContext : Root WebApplicationContext: initialization completed in 1249 ms
2025-05-20T12:10:20.578+05:30  INFO 13676 --- [CategoryProduct] [restartedMain] o.hibernate.jpa.internal.util.LogHelper  : HHH000204: Processing PersistenceUnitInfo [name: default]
2025-05-20T12:10:20.578+05:30  INFO 13676 --- [CategoryProduct] [restartedMain] o.h.c.internal.RegionFactoryInitiator    : HHH000026: Second-level cache disabled
2025-05-20T12:10:20.597+05:30  INFO 13676 --- [CategoryProduct] [restartedMain] o.s.o.j.p.SpringPersistenceUnitInfo      : No LoadTimeWeaver setup: ignoring JPA class transformer
2025-05-20T12:10:20.597+05:30  INFO 13676 --- [CategoryProduct] [restartedMain] com.zaxxer.hikari.HikariDataSource       : HikariPool-2 - Starting...
2025-05-20T12:10:21.226+05:30  INFO 13676 --- [CategoryProduct] [restartedMain] com.zaxxer.hikari.pool.HikariPool        : HikariPool-2 - Added connection com.mysql.cj.jdbc.ConnectionImpl@6a4c2285
2025-05-20T12:10:21.226+05:30  INFO 13676 --- [CategoryProduct] [restartedMain] com.zaxxer.hikari.HikariDataSource       : HikariPool-2 - Start completed.
2025-05-20T12:10:21.235+05:30  INFO 13676 --- [CategoryProduct] [restartedMain] org.hibernate.orm.connections.pooling    : HHH10001005: Database info:
	Database JDBC URL [Connecting through datasource 'HikariDataSource (HikariPool-2)']
	Database driver: undefined/unknown
	Database version: 8.0.40
	Autocommit mode: undefined/unknown
	Isolation level: undefined/unknown
	Minimum pool size: undefined/unknown
	Maximum pool size: undefined/unknown
2025-05-20T12:10:21.268+05:30  INFO 13676 --- [CategoryProduct] [restartedMain] o.h.e.t.j.p.i.JtaPlatformInitiator       : HHH000489: No JTA platform available (set 'hibernate.transaction.jta.platform' to enable JTA platform integration)
2025-05-20T12:10:21.269+05:30  INFO 13676 --- [CategoryProduct] [restartedMain] j.LocalContainerEntityManagerFactoryBean : Initialized JPA EntityManagerFactory for persistence unit 'default'
2025-05-20T12:10:21.359+05:30  WARN 13676 --- [CategoryProduct] [restartedMain] JpaBaseConfiguration$JpaWebConfiguration : spring.jpa.open-in-view is enabled by default. Therefore, database queries may be performed during view rendering. Explicitly configure spring.jpa.open-in-view to disable this warning
2025-05-20T12:10:21.424+05:30  INFO 13676 --- [CategoryProduct] [restartedMain] o.s.v.b.OptionalValidatorFactoryBean     : Failed to set up a Bean Validation provider: jakarta.validation.NoProviderFoundException: Unable to create a Configuration, because no Jakarta Bean Validation provider could be found. Add a provider like Hibernate Validator (RI) to your classpath.
2025-05-20T12:10:21.612+05:30  INFO 13676 --- [CategoryProduct] [restartedMain] c.g.c.s.core.DefaultCredentialsProvider  : Default credentials provider for service account yoj-ecommerce-application@springboot-app-457506.iam.gserviceaccount.com
2025-05-20T12:10:21.614+05:30  INFO 13676 --- [CategoryProduct] [restartedMain] c.g.c.s.core.DefaultCredentialsProvider  : Scopes in use by default credentials: [https://www.googleapis.com/auth/pubsub, https://www.googleapis.com/auth/spanner.admin, https://www.googleapis.com/auth/spanner.data, https://www.googleapis.com/auth/datastore, https://www.googleapis.com/auth/sqlservice.admin, https://www.googleapis.com/auth/devstorage.read_only, https://www.googleapis.com/auth/devstorage.read_write, https://www.googleapis.com/auth/cloudruntimeconfig, https://www.googleapis.com/auth/trace.append, https://www.googleapis.com/auth/cloud-platform, https://www.googleapis.com/auth/cloud-vision, https://www.googleapis.com/auth/bigquery, https://www.googleapis.com/auth/monitoring.write]
2025-05-20T12:10:21.616+05:30  INFO 13676 --- [CategoryProduct] [restartedMain] c.g.c.s.a.c.GcpContextAutoConfiguration  : The default project ID is springboot-app-457506
2025-05-20T12:10:22.166+05:30  WARN 13676 --- [CategoryProduct] [restartedMain] .s.s.UserDetailsServiceAutoConfiguration : 

Using generated security password: ac8956c4-e74c-4358-993f-2b0e3a8c4fba

This generated password is for development use only. Your security configuration must be updated before running your application in production.

2025-05-20T12:10:22.191+05:30  INFO 13676 --- [CategoryProduct] [restartedMain] r$InitializeUserDetailsManagerConfigurer : Global AuthenticationManager configured with UserDetailsService bean with name inMemoryUserDetailsManager
2025-05-20T12:10:22.272+05:30  INFO 13676 --- [CategoryProduct] [restartedMain] o.s.b.a.e.web.EndpointLinksResolver      : Exposing 17 endpoints beneath base path '/actuator'
2025-05-20T12:10:22.402+05:30  INFO 13676 --- [CategoryProduct] [restartedMain] o.s.b.d.a.OptionalLiveReloadServer       : LiveReload server is running on port 35729
2025-05-20T12:10:22.426+05:30  INFO 13676 --- [CategoryProduct] [restartedMain] o.s.b.w.embedded.tomcat.TomcatWebServer  : Tomcat started on port 8080 (http) with context path '/'
2025-05-20T12:10:22.442+05:30  INFO 13676 --- [CategoryProduct] [restartedMain] c.R.C.CategoryProductApplication         : Started CategoryProductApplication in 3.344 seconds (process running for 650.363)
2025-05-20T12:10:22.451+05:30  INFO 13676 --- [CategoryProduct] [restartedMain] .ConditionEvaluationDeltaLoggingListener : Condition evaluation delta:


==========================
CONDITION EVALUATION DELTA
==========================


Positive matches:
-----------------

   ManagementWebSecurityAutoConfiguration matched:
      - found 'session' scope (OnWebApplicationCondition)
      - AllNestedConditions 2 matched 0 did not; NestedCondition on DefaultWebSecurityCondition.Beans @ConditionalOnMissingBean (types: org.springframework.security.web.SecurityFilterChain; SearchStrategy: all) did not find any beans; NestedCondition on DefaultWebSecurityCondition.Classes @ConditionalOnClass found required classes 'org.springframework.security.web.SecurityFilterChain', 'org.springframework.security.config.annotation.web.builders.HttpSecurity' (DefaultWebSecurityCondition)

   UserDetailsServiceAutoConfiguration matched:
      - @ConditionalOnClass found required class 'org.springframework.security.authentication.AuthenticationManager' (OnClassCondition)
      - found 'session' scope (OnWebApplicationCondition)
      - AnyNestedCondition 1 matched 2 did not; NestedCondition on UserDetailsServiceAutoConfiguration.MissingAlternativeOrUserPropertiesConfigured.PasswordConfigured @ConditionalOnProperty (spring.security.user.password) did not find property 'password'; NestedCondition on UserDetailsServiceAutoConfiguration.MissingAlternativeOrUserPropertiesConfigured.NameConfigured @ConditionalOnProperty (spring.security.user.name) did not find property 'name'; NestedCondition on UserDetailsServiceAutoConfiguration.MissingAlternativeOrUserPropertiesConfigured.MissingAlternative @ConditionalOnMissingClass did not find unwanted classes 'org.springframework.security.oauth2.client.registration.ClientRegistrationRepository', 'org.springframework.security.oauth2.server.resource.introspection.OpaqueTokenIntrospector', 'org.springframework.security.saml2.provider.service.registration.RelyingPartyRegistrationRepository' (UserDetailsServiceAutoConfiguration.MissingAlternativeOrUserPropertiesConfigured)
      - @ConditionalOnBean (types: org.springframework.security.config.ObjectPostProcessor; SearchStrategy: all) found beans 'objectPostProcessor', 'webAuthorizationManagerPostProcessor', 'filterChainDecoratorPostProcessor', 'authenticationManagerPostProcessor'; @ConditionalOnMissingBean (types: org.springframework.security.authentication.AuthenticationManager,org.springframework.security.authentication.AuthenticationProvider,org.springframework.security.core.userdetails.UserDetailsService,org.springframework.security.authentication.AuthenticationManagerResolver,org.springframework.security.oauth2.jwt.JwtDecoder; SearchStrategy: all) did not find any beans (OnBeanCondition)


Negative matches:
-----------------

    None


Exclusions:
-----------

    None


Unconditional classes:
----------------------

    None



2025-05-20T12:10:23.841+05:30  INFO 13676 --- [CategoryProduct] [File Watcher] rtingClassPathChangeChangedEventListener : Restarting due to 37 class path changes (37 additions, 0 deletions, 0 modifications)
2025-05-20T12:10:23.841+05:30  INFO 13676 --- [CategoryProduct] [Thread-34] o.s.b.w.e.tomcat.GracefulShutdown        : Commencing graceful shutdown. Waiting for active requests to complete
2025-05-20T12:10:23.849+05:30  INFO 13676 --- [CategoryProduct] [tomcat-shutdown] o.s.b.w.e.tomcat.GracefulShutdown        : Graceful shutdown complete
2025-05-20T12:10:23.857+05:30  INFO 13676 --- [CategoryProduct] [Thread-34] j.LocalContainerEntityManagerFactoryBean : Closing JPA EntityManagerFactory for persistence unit 'default'
2025-05-20T12:10:23.857+05:30  INFO 13676 --- [CategoryProduct] [Thread-34] com.zaxxer.hikari.HikariDataSource       : HikariPool-2 - Shutdown initiated...
2025-05-20T12:10:23.857+05:30  INFO 13676 --- [CategoryProduct] [Thread-34] com.zaxxer.hikari.HikariDataSource       : HikariPool-2 - Shutdown completed.
2025-05-20T12:10:23.989+05:30  INFO 13676 --- [CategoryProduct] [restartedMain] c.R.C.CategoryProductApplication         : Starting CategoryProductApplication using Java 21.0.6 with PID 13676 (C:\Users\jatha\Projects\CategoryProduct\CategoryProduct\target\classes started by jatha in C:\Users\jatha\Projects\CategoryProduct)
2025-05-20T12:10:23.989+05:30 DEBUG 13676 --- [CategoryProduct] [restartedMain] c.R.C.CategoryProductApplication         : Running with Spring Boot v3.4.4, Spring v6.2.5
2025-05-20T12:10:23.989+05:30  INFO 13676 --- [CategoryProduct] [restartedMain] c.R.C.CategoryProductApplication         : No active profile set, falling back to 1 default profile: "default"
2025-05-20T12:10:24.740+05:30  INFO 13676 --- [CategoryProduct] [restartedMain] .s.d.r.c.RepositoryConfigurationDelegate : Bootstrapping Spring Data JPA repositories in DEFAULT mode.
2025-05-20T12:10:24.791+05:30  INFO 13676 --- [CategoryProduct] [restartedMain] .s.d.r.c.RepositoryConfigurationDelegate : Finished Spring Data repository scanning in 49 ms. Found 3 JPA repository interfaces.
2025-05-20T12:10:24.904+05:30  INFO 13676 --- [CategoryProduct] [restartedMain] o.s.cloud.context.scope.GenericScope     : BeanFactory id=4ec73edc-3076-37d1-b5a4-32fdd5ff40eb
2025-05-20T12:10:25.124+05:30  INFO 13676 --- [CategoryProduct] [restartedMain] o.s.b.w.embedded.tomcat.TomcatWebServer  : Tomcat initialized with port 8080 (http)
2025-05-20T12:10:25.124+05:30  INFO 13676 --- [CategoryProduct] [restartedMain] o.apache.catalina.core.StandardService   : Starting service [Tomcat]
2025-05-20T12:10:25.124+05:30  INFO 13676 --- [CategoryProduct] [restartedMain] o.apache.catalina.core.StandardEngine    : Starting Servlet engine: [Apache Tomcat/10.1.39]
2025-05-20T12:10:25.169+05:30  INFO 13676 --- [CategoryProduct] [restartedMain] o.a.c.c.C.[Tomcat].[localhost].[/]       : Initializing Spring embedded WebApplicationContext
2025-05-20T12:10:25.170+05:30  INFO 13676 --- [CategoryProduct] [restartedMain] w.s.c.ServletWebServerApplicationContext : Root WebApplicationContext: initialization completed in 1178 ms
2025-05-20T12:10:25.671+05:30 DEBUG 13676 --- [CategoryProduct] [restartedMain] c.R.C.Security.JwtAuthenticationFilter   : Filter 'jwtAuthenticationFilter' configured for use
2025-05-20T12:10:25.754+05:30  INFO 13676 --- [CategoryProduct] [restartedMain] o.hibernate.jpa.internal.util.LogHelper  : HHH000204: Processing PersistenceUnitInfo [name: default]
2025-05-20T12:10:25.756+05:30  INFO 13676 --- [CategoryProduct] [restartedMain] o.h.c.internal.RegionFactoryInitiator    : HHH000026: Second-level cache disabled
2025-05-20T12:10:25.769+05:30  INFO 13676 --- [CategoryProduct] [restartedMain] o.s.o.j.p.SpringPersistenceUnitInfo      : No LoadTimeWeaver setup: ignoring JPA class transformer
2025-05-20T12:10:25.769+05:30  INFO 13676 --- [CategoryProduct] [restartedMain] com.zaxxer.hikari.HikariDataSource       : HikariPool-3 - Starting...
2025-05-20T12:10:26.145+05:30  INFO 13676 --- [CategoryProduct] [restartedMain] com.zaxxer.hikari.pool.HikariPool        : HikariPool-3 - Added connection com.mysql.cj.jdbc.ConnectionImpl@4dac4837
2025-05-20T12:10:26.146+05:30  INFO 13676 --- [CategoryProduct] [restartedMain] com.zaxxer.hikari.HikariDataSource       : HikariPool-3 - Start completed.
2025-05-20T12:10:26.158+05:30  INFO 13676 --- [CategoryProduct] [restartedMain] org.hibernate.orm.connections.pooling    : HHH10001005: Database info:
	Database JDBC URL [Connecting through datasource 'HikariDataSource (HikariPool-3)']
	Database driver: undefined/unknown
	Database version: 8.0.40
	Autocommit mode: undefined/unknown
	Isolation level: undefined/unknown
	Minimum pool size: undefined/unknown
	Maximum pool size: undefined/unknown
2025-05-20T12:10:26.325+05:30  INFO 13676 --- [CategoryProduct] [restartedMain] o.h.e.t.j.p.i.JtaPlatformInitiator       : HHH000489: No JTA platform available (set 'hibernate.transaction.jta.platform' to enable JTA platform integration)
2025-05-20T12:10:26.432+05:30  INFO 13676 --- [CategoryProduct] [restartedMain] j.LocalContainerEntityManagerFactoryBean : Initialized JPA EntityManagerFactory for persistence unit 'default'
2025-05-20T12:10:26.537+05:30  INFO 13676 --- [CategoryProduct] [restartedMain] r$InitializeUserDetailsManagerConfigurer : Global AuthenticationManager configured with UserDetailsService bean with name userDetailsService
2025-05-20T12:10:26.583+05:30  INFO 13676 --- [CategoryProduct] [restartedMain] c.g.c.s.a.c.GcpContextAutoConfiguration  : The default project ID is springboot-app-457506
2025-05-20T12:10:26.591+05:30  INFO 13676 --- [CategoryProduct] [restartedMain] c.g.c.s.core.DefaultCredentialsProvider  : Default credentials provider for service account yoj-ecommerce-application@springboot-app-457506.iam.gserviceaccount.com
2025-05-20T12:10:26.591+05:30  INFO 13676 --- [CategoryProduct] [restartedMain] c.g.c.s.core.DefaultCredentialsProvider  : Scopes in use by default credentials: [https://www.googleapis.com/auth/pubsub, https://www.googleapis.com/auth/spanner.admin, https://www.googleapis.com/auth/spanner.data, https://www.googleapis.com/auth/datastore, https://www.googleapis.com/auth/sqlservice.admin, https://www.googleapis.com/auth/devstorage.read_only, https://www.googleapis.com/auth/devstorage.read_write, https://www.googleapis.com/auth/cloudruntimeconfig, https://www.googleapis.com/auth/trace.append, https://www.googleapis.com/auth/cloud-platform, https://www.googleapis.com/auth/cloud-vision, https://www.googleapis.com/auth/bigquery, https://www.googleapis.com/auth/monitoring.write]
2025-05-20T12:10:27.134+05:30  WARN 13676 --- [CategoryProduct] [restartedMain] JpaBaseConfiguration$JpaWebConfiguration : spring.jpa.open-in-view is enabled by default. Therefore, database queries may be performed during view rendering. Explicitly configure spring.jpa.open-in-view to disable this warning
2025-05-20T12:10:27.823+05:30  INFO 13676 --- [CategoryProduct] [restartedMain] o.s.b.a.e.web.EndpointLinksResolver      : Exposing 17 endpoints beneath base path '/actuator'
2025-05-20T12:10:27.855+05:30  WARN 13676 --- [CategoryProduct] [restartedMain] thorizationManagerRequestMatcherRegistry : One of the patterns in [/actuator/prometheus, auth/login, /swagger-ui/**, /v3/api-docs/**, /swagger-ui.html] is missing a leading slash. This is discouraged; please include the leading slash in all your request matcher patterns. In future versions of Spring Security, leaving out the leading slash will result in an exception.
2025-05-20T12:10:27.979+05:30  INFO 13676 --- [CategoryProduct] [restartedMain] o.s.v.b.OptionalValidatorFactoryBean     : Failed to set up a Bean Validation provider: jakarta.validation.NoProviderFoundException: Unable to create a Configuration, because no Jakarta Bean Validation provider could be found. Add a provider like Hibernate Validator (RI) to your classpath.
2025-05-20T12:10:28.535+05:30  INFO 13676 --- [CategoryProduct] [restartedMain] o.s.b.d.a.OptionalLiveReloadServer       : LiveReload server is running on port 35729
2025-05-20T12:10:28.575+05:30  INFO 13676 --- [CategoryProduct] [restartedMain] o.s.b.w.embedded.tomcat.TomcatWebServer  : Tomcat started on port 8080 (http) with context path '/'
2025-05-20T12:10:28.616+05:30  INFO 13676 --- [CategoryProduct] [restartedMain] c.R.C.CategoryProductApplication         : Started CategoryProductApplication in 4.673 seconds (process running for 656.537)
2025-05-20T12:10:28.622+05:30  INFO 13676 --- [CategoryProduct] [restartedMain] .ConditionEvaluationDeltaLoggingListener : Condition evaluation delta:


==========================
CONDITION EVALUATION DELTA
==========================


Positive matches:
-----------------

    None


Negative matches:
-----------------

   ManagementWebSecurityAutoConfiguration:
      Did not match:
         - AllNestedConditions 1 matched 1 did not; NestedCondition on DefaultWebSecurityCondition.Beans @ConditionalOnMissingBean (types: org.springframework.security.web.SecurityFilterChain; SearchStrategy: all) found beans of type 'org.springframework.security.web.SecurityFilterChain' securityFilterChain; NestedCondition on DefaultWebSecurityCondition.Classes @ConditionalOnClass found required classes 'org.springframework.security.web.SecurityFilterChain', 'org.springframework.security.config.annotation.web.builders.HttpSecurity' (DefaultWebSecurityCondition)
      Matched:
         - found 'session' scope (OnWebApplicationCondition)

   UserDetailsServiceAutoConfiguration:
      Did not match:
         - @ConditionalOnMissingBean (types: org.springframework.security.authentication.AuthenticationManager,org.springframework.security.authentication.AuthenticationProvider,org.springframework.security.core.userdetails.UserDetailsService,org.springframework.security.authentication.AuthenticationManagerResolver,org.springframework.security.oauth2.jwt.JwtDecoder; SearchStrategy: all) found beans of type 'org.springframework.security.authentication.AuthenticationManager' authenticationManager and found beans of type 'org.springframework.security.core.userdetails.UserDetailsService' userDetailsService (OnBeanCondition)
      Matched:
         - @ConditionalOnClass found required class 'org.springframework.security.authentication.AuthenticationManager' (OnClassCondition)
         - found 'session' scope (OnWebApplicationCondition)
         - AnyNestedCondition 1 matched 2 did not; NestedCondition on UserDetailsServiceAutoConfiguration.MissingAlternativeOrUserPropertiesConfigured.PasswordConfigured @ConditionalOnProperty (spring.security.user.password) did not find property 'password'; NestedCondition on UserDetailsServiceAutoConfiguration.MissingAlternativeOrUserPropertiesConfigured.NameConfigured @ConditionalOnProperty (spring.security.user.name) did not find property 'name'; NestedCondition on UserDetailsServiceAutoConfiguration.MissingAlternativeOrUserPropertiesConfigured.MissingAlternative @ConditionalOnMissingClass did not find unwanted classes 'org.springframework.security.oauth2.client.registration.ClientRegistrationRepository', 'org.springframework.security.oauth2.server.resource.introspection.OpaqueTokenIntrospector', 'org.springframework.security.saml2.provider.service.registration.RelyingPartyRegistrationRepository' (UserDetailsServiceAutoConfiguration.MissingAlternativeOrUserPropertiesConfigured)


Exclusions:
-----------

    None


Unconditional classes:
----------------------

    None



